# JRE version: OpenJDK Runtime Environment (8.0_242-b01) (build 1.8.0_242-release-1644-b01)
# Java VM: OpenJDK 64-Bit Server VM (25.242-b01 mixed mode windows-amd64 compressed oops)
Heap:
 PSYoungGen      total 477184K, used 412558K [0x00000000d5580000, 0x00000000fe400000, 0x0000000100000000)
  eden space 346112K, 83% used [0x00000000d5580000,0x00000000e6ff4b98,0x00000000ea780000)
  from space 131072K, 94% used [0x00000000f3980000,0x00000000fb1eed80,0x00000000fb980000)
  to   space 149504K, 0% used [0x00000000ea780000,0x00000000ea780000,0x00000000f3980000)
 ParOldGen       total 419840K, used 128981K [0x0000000080000000, 0x0000000099a00000, 0x00000000d5580000)
  object space 419840K, 30% used [0x0000000080000000,0x0000000087df57f8,0x0000000099a00000)
 Metaspace       used 146030K, capacity 154033K, committed 154152K, reserved 1183744K
  class space    used 18094K, capacity 19643K, committed 19760K, reserved 1048576K
GC Heap History (10 events):
Event: 6612.197 GC heap before
{Heap before GC invocations=27 (full 5):
 PSYoungGen      total 398848K, used 398614K [0x00000000d5580000, 0x00000000f4780000, 0x0000000100000000)
  eden space 354304K, 100% used [0x00000000d5580000,0x00000000eaf80000,0x00000000eaf80000)
  from space 44544K, 99% used [0x00000000eba00000,0x00000000ee545a68,0x00000000ee580000)
  to   space 77824K, 0% used [0x00000000efb80000,0x00000000efb80000,0x00000000f4780000)
 ParOldGen       total 419840K, used 53781K [0x0000000080000000, 0x0000000099a00000, 0x00000000d5580000)
  object space 419840K, 12% used [0x0000000080000000,0x00000000834854d8,0x0000000099a00000)
 Metaspace       used 118994K, capacity 125824K, committed 127272K, reserved 1159168K
  class space    used 15333K, capacity 16688K, committed 16944K, reserved 1048576K
Event: 6612.266 GC heap after
Heap after GC invocations=27 (full 5):
 PSYoungGen      total 421888K, used 69044K [0x00000000d5580000, 0x00000000f4f80000, 0x0000000100000000)
  eden space 344064K, 0% used [0x00000000d5580000,0x00000000d5580000,0x00000000ea580000)
  from space 77824K, 88% used [0x00000000efb80000,0x00000000f3eed338,0x00000000f4780000)
  to   space 87040K, 0% used [0x00000000ea580000,0x00000000ea580000,0x00000000efa80000)
 ParOldGen       total 419840K, used 53789K [0x0000000080000000, 0x0000000099a00000, 0x00000000d5580000)
  object space 419840K, 12% used [0x0000000080000000,0x00000000834874d8,0x0000000099a00000)
 Metaspace       used 118994K, capacity 125824K, committed 127272K, reserved 1159168K
  class space    used 15333K, capacity 16688K, committed 16944K, reserved 1048576K
}
Event: 6620.246 GC heap before
{Heap before GC invocations=28 (full 5):
 PSYoungGen      total 421888K, used 413089K [0x00000000d5580000, 0x00000000f4f80000, 0x0000000100000000)
  eden space 344064K, 99% used [0x00000000d5580000,0x00000000ea57b388,0x00000000ea580000)
  from space 77824K, 88% used [0x00000000efb80000,0x00000000f3eed338,0x00000000f4780000)
  to   space 87040K, 0% used [0x00000000ea580000,0x00000000ea580000,0x00000000efa80000)
 ParOldGen       total 419840K, used 53789K [0x0000000080000000, 0x0000000099a00000, 0x00000000d5580000)
  object space 419840K, 12% used [0x0000000080000000,0x00000000834874d8,0x0000000099a00000)
 Metaspace       used 123442K, capacity 130378K, committed 131496K, reserved 1163264K
  class space    used 15743K, capacity 17133K, committed 17328K, reserved 1048576K
Event: 6620.277 GC heap after
Heap after GC invocations=28 (full 5):
 PSYoungGen      total 383488K, used 48866K [0x00000000d5580000, 0x00000000f4600000, 0x0000000100000000)
  eden space 334336K, 0% used [0x00000000d5580000,0x00000000d5580000,0x00000000e9c00000)
  from space 49152K, 99% used [0x00000000ea580000,0x00000000ed538bd0,0x00000000ed580000)
  to   space 87040K, 0% used [0x00000000ef100000,0x00000000ef100000,0x00000000f4600000)
 ParOldGen       total 419840K, used 53797K [0x0000000080000000, 0x0000000099a00000, 0x00000000d5580000)
  object space 419840K, 12% used [0x0000000080000000,0x00000000834894d8,0x0000000099a00000)
 Metaspace       used 123442K, capacity 130378K, committed 131496K, reserved 1163264K
  class space    used 15743K, capacity 17133K, committed 17328K, reserved 1048576K
}
Event: 6632.548 GC heap before
{Heap before GC invocations=29 (full 5):
 PSYoungGen      total 383488K, used 383202K [0x00000000d5580000, 0x00000000f4600000, 0x0000000100000000)
  eden space 334336K, 100% used [0x00000000d5580000,0x00000000e9c00000,0x00000000e9c00000)
  from space 49152K, 99% used [0x00000000ea580000,0x00000000ed538bd0,0x00000000ed580000)
  to   space 87040K, 0% used [0x00000000ef100000,0x00000000ef100000,0x00000000f4600000)
 ParOldGen       total 419840K, used 53797K [0x0000000080000000, 0x0000000099a00000, 0x00000000d5580000)
  object space 419840K, 12% used [0x0000000080000000,0x00000000834894d8,0x0000000099a00000)
 Metaspace       used 136561K, capacity 143981K, committed 144168K, reserved 1175552K
  class space    used 17012K, capacity 18449K, committed 18480K, reserved 1048576K
Event: 6632.576 GC heap after
Heap after GC invocations=29 (full 5):
 PSYoungGen      total 408064K, used 56620K [0x00000000d5580000, 0x00000000f4200000, 0x0000000100000000)
  eden space 325120K, 0% used [0x00000000d5580000,0x00000000d5580000,0x00000000e9300000)
  from space 82944K, 68% used [0x00000000ef100000,0x00000000f284b1b0,0x00000000f4200000)
  to   space 89600K, 0% used [0x00000000e9300000,0x00000000e9300000,0x00000000eea80000)
 ParOldGen       total 419840K, used 53813K [0x0000000080000000, 0x0000000099a00000, 0x00000000d5580000)
  object space 419840K, 12% used [0x0000000080000000,0x000000008348d4d8,0x0000000099a00000)
 Metaspace       used 136561K, capacity 143981K, committed 144168K, reserved 1175552K
  class space    used 17012K, capacity 18449K, committed 18480K, reserved 1048576K
}
Event: 6634.603 GC heap before
{Heap before GC invocations=30 (full 5):
 PSYoungGen      total 408064K, used 381740K [0x00000000d5580000, 0x00000000f4200000, 0x0000000100000000)
  eden space 325120K, 100% used [0x00000000d5580000,0x00000000e9300000,0x00000000e9300000)
  from space 82944K, 68% used [0x00000000ef100000,0x00000000f284b1b0,0x00000000f4200000)
  to   space 89600K, 0% used [0x00000000e9300000,0x00000000e9300000,0x00000000eea80000)
 ParOldGen       total 419840K, used 53813K [0x0000000080000000, 0x0000000099a00000, 0x00000000d5580000)
  object space 419840K, 12% used [0x0000000080000000,0x000000008348d4d8,0x0000000099a00000)
 Metaspace       used 144337K, capacity 151889K, committed 151976K, reserved 1181696K
  class space    used 17889K, capacity 19357K, committed 19376K, reserved 1048576K
Event: 6634.690 GC heap after
Heap after GC invocations=30 (full 5):
 PSYoungGen      total 414720K, used 89586K [0x00000000d5580000, 0x00000000fb980000, 0x0000000100000000)
  eden space 325120K, 0% used [0x00000000d5580000,0x00000000d5580000,0x00000000e9300000)
  from space 89600K, 99% used [0x00000000e9300000,0x00000000eea7c9b0,0x00000000eea80000)
  to   space 131072K, 0% used [0x00000000f3980000,0x00000000f3980000,0x00000000fb980000)
 ParOldGen       total 419840K, used 128973K [0x0000000080000000, 0x0000000099a00000, 0x00000000d5580000)
  object space 419840K, 30% used [0x0000000080000000,0x0000000087df37f8,0x0000000099a00000)
 Metaspace       used 144337K, capacity 151889K, committed 151976K, reserved 1181696K
  class space    used 17889K, capacity 19357K, committed 19376K, reserved 1048576K
}
Event: 6635.999 GC heap before
{Heap before GC invocations=31 (full 5):
 PSYoungGen      total 414720K, used 414706K [0x00000000d5580000, 0x00000000fb980000, 0x0000000100000000)
  eden space 325120K, 100% used [0x00000000d5580000,0x00000000e9300000,0x00000000e9300000)
  from space 89600K, 99% used [0x00000000e9300000,0x00000000eea7c9b0,0x00000000eea80000)
  to   space 131072K, 0% used [0x00000000f3980000,0x00000000f3980000,0x00000000fb980000)
 ParOldGen       total 419840K, used 128973K [0x0000000080000000, 0x0000000099a00000, 0x00000000d5580000)
  object space 419840K, 30% used [0x0000000080000000,0x0000000087df37f8,0x0000000099a00000)
 Metaspace       used 145454K, capacity 153339K, committed 153512K, reserved 1183744K
  class space    used 18032K, capacity 19566K, committed 19632K, reserved 1048576K
Event: 6636.104 GC heap after
Heap after GC invocations=31 (full 5):
 PSYoungGen      total 477184K, used 123323K [0x00000000d5580000, 0x00000000fe400000, 0x0000000100000000)
  eden space 346112K, 0% used [0x00000000d5580000,0x00000000d5580000,0x00000000ea780000)
  from space 131072K, 94% used [0x00000000f3980000,0x00000000fb1eed80,0x00000000fb980000)
  to   space 149504K, 0% used [0x00000000ea780000,0x00000000ea780000,0x00000000f3980000)
 ParOldGen       total 419840K, used 128981K [0x0000000080000000, 0x0000000099a00000, 0x00000000d5580000)
  object space 419840K, 30% used [0x0000000080000000,0x0000000087df57f8,0x0000000099a00000)
 Metaspace       used 145454K, capacity 153339K, committed 153512K, reserved 1183744K
  class space    used 18032K, capacity 19566K, committed 19632K, reserved 1048576K
}

