# JRE version: OpenJDK Runtime Environment (8.0_242-b01) (build 1.8.0_242-release-1644-b01)
# Java VM: OpenJDK 64-Bit Server VM (25.242-b01 mixed mode windows-amd64 compressed oops)
Heap:
 PSYoungGen      total 470528K, used 288541K [0x00000000d5580000, 0x00000000f9b00000, 0x0000000100000000)
  eden space 364544K, 61% used [0x00000000d5580000,0x00000000e2f9e348,0x00000000eb980000)
  from space 105984K, 61% used [0x00000000eb980000,0x00000000ef9293e8,0x00000000f2100000)
  to   space 104448K, 0% used [0x00000000f3500000,0x00000000f3500000,0x00000000f9b00000)
 ParOldGen       total 444928K, used 104364K [0x0000000080000000, 0x000000009b280000, 0x00000000d5580000)
  object space 444928K, 23% used [0x0000000080000000,0x00000000865eb0b0,0x000000009b280000)
 Metaspace       used 162498K, capacity 172717K, committed 174896K, reserved 1202176K
  class space    used 19943K, capacity 21864K, committed 22576K, reserved 1048576K
GC Heap History (10 events):
Event: 2699.384 GC heap before
{Heap before GC invocations=38 (full 4):
 PSYoungGen      total 462336K, used 462032K [0x00000000d5580000, 0x00000000fa200000, 0x0000000100000000)
  eden space 383488K, 100% used [0x00000000d5580000,0x00000000ecc00000,0x00000000ecc00000)
  from space 78848K, 99% used [0x00000000ed780000,0x00000000f2434028,0x00000000f2480000)
  to   space 109568K, 0% used [0x00000000f3700000,0x00000000f3700000,0x00000000fa200000)
 ParOldGen       total 352768K, used 219623K [0x0000000080000000, 0x0000000095880000, 0x00000000d5580000)
  object space 352768K, 62% used [0x0000000080000000,0x000000008d679c00,0x0000000095880000)
 Metaspace       used 149591K, capacity 160931K, committed 161072K, reserved 1189888K
  class space    used 18761K, capacity 20929K, committed 21040K, reserved 1048576K
Event: 2699.457 GC heap after
Heap after GC invocations=38 (full 4):
 PSYoungGen      total 469504K, used 67467K [0x00000000d5580000, 0x00000000f9600000, 0x0000000100000000)
  eden space 372224K, 0% used [0x00000000d5580000,0x00000000d5580000,0x00000000ec100000)
  from space 97280K, 69% used [0x00000000f3700000,0x00000000f78e2e38,0x00000000f9600000)
  to   space 109056K, 0% used [0x00000000ec100000,0x00000000ec100000,0x00000000f2b80000)
 ParOldGen       total 352768K, used 219631K [0x0000000080000000, 0x0000000095880000, 0x00000000d5580000)
  object space 352768K, 62% used [0x0000000080000000,0x000000008d67bc00,0x0000000095880000)
 Metaspace       used 149591K, capacity 160931K, committed 161072K, reserved 1189888K
  class space    used 18761K, capacity 20929K, committed 21040K, reserved 1048576K
}
Event: 2703.237 GC heap before
{Heap before GC invocations=39 (full 4):
 PSYoungGen      total 469504K, used 169321K [0x00000000d5580000, 0x00000000f9600000, 0x0000000100000000)
  eden space 372224K, 27% used [0x00000000d5580000,0x00000000db8f79c0,0x00000000ec100000)
  from space 97280K, 69% used [0x00000000f3700000,0x00000000f78e2e38,0x00000000f9600000)
  to   space 109056K, 0% used [0x00000000ec100000,0x00000000ec100000,0x00000000f2b80000)
 ParOldGen       total 352768K, used 219631K [0x0000000080000000, 0x0000000095880000, 0x00000000d5580000)
  object space 352768K, 62% used [0x0000000080000000,0x000000008d67bc00,0x0000000095880000)
 Metaspace       used 152937K, capacity 164273K, committed 164336K, reserved 1191936K
  class space    used 19166K, capacity 21276K, committed 21296K, reserved 1048576K
Event: 2703.299 GC heap after
Heap after GC invocations=39 (full 4):
 PSYoungGen      total 432640K, used 71284K [0x00000000d5580000, 0x00000000f8c00000, 0x0000000100000000)
  eden space 360960K, 0% used [0x00000000d5580000,0x00000000d5580000,0x00000000eb600000)
  from space 71680K, 99% used [0x00000000ec100000,0x00000000f069d328,0x00000000f0700000)
  to   space 109568K, 0% used [0x00000000f2100000,0x00000000f2100000,0x00000000f8c00000)
 ParOldGen       total 352768K, used 219639K [0x0000000080000000, 0x0000000095880000, 0x00000000d5580000)
  object space 352768K, 62% used [0x0000000080000000,0x000000008d67dc00,0x0000000095880000)
 Metaspace       used 152937K, capacity 164273K, committed 164336K, reserved 1191936K
  class space    used 19166K, capacity 21276K, committed 21296K, reserved 1048576K
}
Event: 2703.299 GC heap before
{Heap before GC invocations=40 (full 5):
 PSYoungGen      total 432640K, used 71284K [0x00000000d5580000, 0x00000000f8c00000, 0x0000000100000000)
  eden space 360960K, 0% used [0x00000000d5580000,0x00000000d5580000,0x00000000eb600000)
  from space 71680K, 99% used [0x00000000ec100000,0x00000000f069d328,0x00000000f0700000)
  to   space 109568K, 0% used [0x00000000f2100000,0x00000000f2100000,0x00000000f8c00000)
 ParOldGen       total 352768K, used 219639K [0x0000000080000000, 0x0000000095880000, 0x00000000d5580000)
  object space 352768K, 62% used [0x0000000080000000,0x000000008d67dc00,0x0000000095880000)
 Metaspace       used 152937K, capacity 164273K, committed 164336K, reserved 1191936K
  class space    used 19166K, capacity 21276K, committed 21296K, reserved 1048576K
Event: 2703.691 GC heap after
Heap after GC invocations=40 (full 5):
 PSYoungGen      total 432640K, used 0K [0x00000000d5580000, 0x00000000f8c00000, 0x0000000100000000)
  eden space 360960K, 0% used [0x00000000d5580000,0x00000000d5580000,0x00000000eb600000)
  from space 71680K, 0% used [0x00000000ec100000,0x00000000ec100000,0x00000000f0700000)
  to   space 109568K, 0% used [0x00000000f2100000,0x00000000f2100000,0x00000000f8c00000)
 ParOldGen       total 444928K, used 104348K [0x0000000080000000, 0x000000009b280000, 0x00000000d5580000)
  object space 444928K, 23% used [0x0000000080000000,0x00000000865e70b0,0x000000009b280000)
 Metaspace       used 151372K, capacity 160715K, committed 164336K, reserved 1191936K
  class space    used 18645K, capacity 20355K, committed 21296K, reserved 1048576K
}
Event: 2885.726 GC heap before
{Heap before GC invocations=41 (full 5):
 PSYoungGen      total 432640K, used 360960K [0x00000000d5580000, 0x00000000f8c00000, 0x0000000100000000)
  eden space 360960K, 100% used [0x00000000d5580000,0x00000000eb600000,0x00000000eb600000)
  from space 71680K, 0% used [0x00000000ec100000,0x00000000ec100000,0x00000000f0700000)
  to   space 109568K, 0% used [0x00000000f2100000,0x00000000f2100000,0x00000000f8c00000)
 ParOldGen       total 444928K, used 104348K [0x0000000080000000, 0x000000009b280000, 0x00000000d5580000)
  object space 444928K, 23% used [0x0000000080000000,0x00000000865e70b0,0x000000009b280000)
 Metaspace       used 155110K, capacity 165001K, committed 167472K, reserved 1196032K
  class space    used 19151K, capacity 20970K, committed 21808K, reserved 1048576K
Event: 2885.763 GC heap after
Heap after GC invocations=41 (full 5):
 PSYoungGen      total 474112K, used 48207K [0x00000000d5580000, 0x00000000f9680000, 0x0000000100000000)
  eden space 364544K, 0% used [0x00000000d5580000,0x00000000d5580000,0x00000000eb980000)
  from space 109568K, 43% used [0x00000000f2100000,0x00000000f5013f20,0x00000000f8c00000)
  to   space 105984K, 0% used [0x00000000eb980000,0x00000000eb980000,0x00000000f2100000)
 ParOldGen       total 444928K, used 104356K [0x0000000080000000, 0x000000009b280000, 0x00000000d5580000)
  object space 444928K, 23% used [0x0000000080000000,0x00000000865e90b0,0x000000009b280000)
 Metaspace       used 155110K, capacity 165001K, committed 167472K, reserved 1196032K
  class space    used 19151K, capacity 20970K, committed 21808K, reserved 1048576K
}
Event: 2888.849 GC heap before
{Heap before GC invocations=42 (full 5):
 PSYoungGen      total 474112K, used 412751K [0x00000000d5580000, 0x00000000f9680000, 0x0000000100000000)
  eden space 364544K, 100% used [0x00000000d5580000,0x00000000eb980000,0x00000000eb980000)
  from space 109568K, 43% used [0x00000000f2100000,0x00000000f5013f20,0x00000000f8c00000)
  to   space 105984K, 0% used [0x00000000eb980000,0x00000000eb980000,0x00000000f2100000)
 ParOldGen       total 444928K, used 104356K [0x0000000080000000, 0x000000009b280000, 0x00000000d5580000)
  object space 444928K, 23% used [0x0000000080000000,0x00000000865e90b0,0x000000009b280000)
 Metaspace       used 159445K, capacity 169589K, committed 172080K, reserved 1200128K
  class space    used 19611K, capacity 21524K, committed 22320K, reserved 1048576K
Event: 2888.890 GC heap after
Heap after GC invocations=42 (full 5):
 PSYoungGen      total 470528K, used 65188K [0x00000000d5580000, 0x00000000f9b00000, 0x0000000100000000)
  eden space 364544K, 0% used [0x00000000d5580000,0x00000000d5580000,0x00000000eb980000)
  from space 105984K, 61% used [0x00000000eb980000,0x00000000ef9293e8,0x00000000f2100000)
  to   space 104448K, 0% used [0x00000000f3500000,0x00000000f3500000,0x00000000f9b00000)
 ParOldGen       total 444928K, used 104364K [0x0000000080000000, 0x000000009b280000, 0x00000000d5580000)
  object space 444928K, 23% used [0x0000000080000000,0x00000000865eb0b0,0x000000009b280000)
 Metaspace       used 159445K, capacity 169589K, committed 172080K, reserved 1200128K
  class space    used 19611K, capacity 21524K, committed 22320K, reserved 1048576K
}

